\BOOKMARK [0][-]{section*.2}{List\040of\040Figures}{}% 1
\BOOKMARK [0][-]{section*.3}{List\040of\040Tables}{}% 2
\BOOKMARK [0][-]{section*.3}{List\040of\040Acronyms}{}% 3
\BOOKMARK [0][-]{chapter.1}{Word2Vec}{}% 4
\BOOKMARK [1][-]{section.1.1}{Iran\040News}{chapter.1}% 5
\BOOKMARK [1][-]{section.1.2}{Art\040News}{chapter.1}% 6
\BOOKMARK [1][-]{section.1.3}{Sport\040News}{chapter.1}% 7
\BOOKMARK [1][-]{section.1.4}{Economic\040News}{chapter.1}% 8
\BOOKMARK [1][-]{section.1.5}{Science\040News}{chapter.1}% 9
\BOOKMARK [0][-]{chapter.2}{Tokeniation}{}% 10
\BOOKMARK [1][-]{section.2.1}{Sub-word\040Level}{chapter.2}% 11
\BOOKMARK [1][-]{section.2.2}{Word\040Level}{chapter.2}% 12
\BOOKMARK [0][-]{chapter.3}{Language\040Model}{}% 13
\BOOKMARK [1][-]{section.3.1}{LSTM}{chapter.3}% 14
\BOOKMARK [1][-]{section.3.2}{GRU}{chapter.3}% 15
\BOOKMARK [1][-]{section.3.3}{Transformer}{chapter.3}% 16
\BOOKMARK [1][-]{section.3.4}{Temperature}{chapter.3}% 17
\BOOKMARK [1][-]{section.3.5}{Final\040Outputs}{chapter.3}% 18
\BOOKMARK [2][-]{subsection.3.5.1}{Iran}{section.3.5}% 19
\BOOKMARK [2][-]{subsection.3.5.2}{Art}{section.3.5}% 20
\BOOKMARK [2][-]{subsection.3.5.3}{Science}{section.3.5}% 21
\BOOKMARK [2][-]{subsection.3.5.4}{Economic}{section.3.5}% 22
\BOOKMARK [2][-]{subsection.3.5.5}{Sport}{section.3.5}% 23
\BOOKMARK [0][-]{chapter.4}{Finetuning}{}% 24
